<?xml version="1.0" encoding="UTF-8"?>
<!-- Generated by org.testng.reporters.JUnitXMLReporter -->
<testsuite ignored="0" hostname="Croner-Legion" failures="0" tests="5" name="API Regression Tests" time="3.012" errors="0" timestamp="2026-06-15T22:55:25 EDT">
  <testcase classname="com.api.automation.tests.AuthTests" name="loginTokenTest" time="1.626"/>
  <testcase classname="com.api.automation.tests.UserTests" name="getUserTest" time="0.219"/>
  <testcase classname="com.api.automation.tests.ProductTests" name="getAllProductsTest" time="0.115"/>
  <testcase classname="com.api.automation.tests.ProductTests" name="getSingleProductTest" time="0.572"/>
  <testcase classname="com.api.automation.tests.CartTests" name="addCartTest" time="0.192"/>
</testsuite> <!-- API Regression Tests -->
