<?xml version="1.0" encoding="UTF-8"?>
<!-- Generated by org.testng.reporters.JUnitXMLReporter -->
<testsuite ignored="0" hostname="Croner-Legion" failures="0" tests="5" name="API Regression Tests" time="3.099" errors="0" timestamp="2026-06-15T21:57:07 EDT">
  <testcase classname="com.api.automation.tests.AuthTests" name="loginTokenTest" time="1.729"/>
  <testcase classname="com.api.automation.tests.UserTests" name="getUserTest" time="0.227"/>
  <testcase classname="com.api.automation.tests.ProductTests" name="getAllProductsTest" time="0.124"/>
  <testcase classname="com.api.automation.tests.ProductTests" name="getSingleProductTest" time="0.554"/>
  <testcase classname="com.api.automation.tests.CartTests" name="addCartTest" time="0.247"/>
</testsuite> <!-- API Regression Tests -->
