<?xml version="1.0" encoding="UTF-8"?>
<testsuite xmlns:xsi="http://www.w3.org/2001/XMLSchema-instance" xsi:noNamespaceSchemaLocation="https://maven.apache.org/surefire/maven-surefire-plugin/xsd/surefire-test-report-3.0.xsd" version="3.0" name="TestSuite" time="3.388" tests="5" errors="0" skipped="0" failures="0">
  <properties>
[...]
</properties>
  <testcase name="loginTokenTest" classname="com.api.automation.tests.AuthTests" time="1.728">
    <system-err><![CDATA[SLF4J: Failed to load class "org.slf4j.impl.StaticLoggerBinder".
SLF4J: Defaulting to no-operation (NOP) logger implementation
SLF4J: See http://www.slf4j.org/codes.html#StaticLoggerBinder for further details.
]]></system-err>
  </testcase>
  <testcase name="getUserTest" classname="com.api.automation.tests.UserTests" time="0.227"/>
  <testcase name="getAllProductsTest" classname="com.api.automation.tests.ProductTests" time="0.124"/>
  <testcase name="getSingleProductTest" classname="com.api.automation.tests.ProductTests" time="0.555"/>
  <testcase name="addCartTest" classname="com.api.automation.tests.CartTests" time="0.248"/>
</testsuite>