<?xml version="1.0" encoding="UTF-8"?>
<!-- Generated by org.testng.reporters.JUnitReportReporter -->
<testsuite hostname="Croner-Legion" failures="0" tests="2" name="com.api.automation.tests.ProductTests" time="0.687" errors="0" timestamp="2026-06-15T22:55:25 EDT" skipped="0">
  <testcase classname="com.api.automation.tests.ProductTests" name="getSingleProductTest" time="0.572"/>
  <testcase classname="com.api.automation.tests.ProductTests" name="getAllProductsTest" time="0.115"/>
</testsuite> <!-- com.api.automation.tests.ProductTests -->
