<?xml version="1.0" encoding="UTF-8"?>
<!-- Generated by org.testng.reporters.JUnitReportReporter -->
<testsuite hostname="Croner-Legion" failures="0" tests="2" name="com.api.automation.tests.ProductTests" time="0.678" errors="0" timestamp="2026-06-15T21:57:07 EDT" skipped="0">
  <testcase classname="com.api.automation.tests.ProductTests" name="getAllProductsTest" time="0.124"/>
  <testcase classname="com.api.automation.tests.ProductTests" name="getSingleProductTest" time="0.554"/>
</testsuite> <!-- com.api.automation.tests.ProductTests -->
